{"/Users/EthanChang/nodeprojects/KevinRohan/test-setup.js": {"path":"/Users/EthanChang/nodeprojects/KevinRohan/test-setup.js","statementMap":{"0":{"start":{"line":8,"column":23},"end":{"line":15,"column":1}},"1":{"start":{"line":17,"column":0},"end":{"line":17,"column":38}}},"fnMap":{},"branchMap":{},"s":{"0":4,"1":4},"f":{},"b":{},"_coverageSchema":"332fd63041d2c1bcb487cc26dd0d5f7d97098a6c","hash":"9d160b48b6767089f91860c01a9264f74da35119"}
,"/Users/EthanChang/nodeprojects/KevinRohan/src/components/entity-components/entity-poll.js": {"path":"/Users/EthanChang/nodeprojects/KevinRohan/src/components/entity-components/entity-poll.js","statementMap":{"0":{"start":{"line":8,"column":8},"end":{"line":8,"column":20}},"1":{"start":{"line":12,"column":19},"end":{"line":12,"column":90}},"2":{"start":{"line":13,"column":21},"end":{"line":13,"column":75}},"3":{"start":{"line":14,"column":8},"end":{"line":21,"column":9}}},"fnMap":{"0":{"name":"(anonymous_0)","decl":{"start":{"line":7,"column":4},"end":{"line":7,"column":5}},"loc":{"start":{"line":7,"column":23},"end":{"line":9,"column":5}},"line":7},"1":{"name":"(anonymous_1)","decl":{"start":{"line":11,"column":4},"end":{"line":11,"column":5}},"loc":{"start":{"line":11,"column":13},"end":{"line":22,"column":5}},"line":11}},"branchMap":{"0":{"loc":{"start":{"line":12,"column":19},"end":{"line":12,"column":90}},"type":"cond-expr","locations":[{"start":{"line":12,"column":49},"end":{"line":12,"column":60}},{"start":{"line":12,"column":63},"end":{"line":12,"column":90}}],"line":12},"1":{"loc":{"start":{"line":13,"column":21},"end":{"line":13,"column":75}},"type":"cond-expr","locations":[{"start":{"line":13,"column":48},"end":{"line":13,"column":70}},{"start":{"line":13,"column":73},"end":{"line":13,"column":75}}],"line":13}},"s":{"0":1,"1":1,"2":1,"3":1},"f":{"0":1,"1":1},"b":{"0":[1,0],"1":[0,1]},"_coverageSchema":"332fd63041d2c1bcb487cc26dd0d5f7d97098a6c","hash":"5233b93da37d37200937991b7b33bbed82918224"}
,"/Users/EthanChang/nodeprojects/KevinRohan/src/containers/login-container.js": {"path":"/Users/EthanChang/nodeprojects/KevinRohan/src/containers/login-container.js","statementMap":{"0":{"start":{"line":10,"column":4},"end":{"line":10,"column":17}},"1":{"start":{"line":11,"column":4},"end":{"line":11,"column":89}},"2":{"start":{"line":15,"column":3},"end":{"line":15,"column":66}},"3":{"start":{"line":19,"column":2},"end":{"line":19,"column":30}},"4":{"start":{"line":24,"column":3},"end":{"line":45,"column":4}},"5":{"start":{"line":31,"column":32},"end":{"line":31,"column":74}},"6":{"start":{"line":33,"column":48},"end":{"line":33,"column":93}},"7":{"start":{"line":36,"column":28},"end":{"line":36,"column":99}},"8":{"start":{"line":37,"column":44},"end":{"line":37,"column":139}},"9":{"start":{"line":50,"column":2},"end":{"line":50,"column":65}}},"fnMap":{"0":{"name":"(anonymous_0)","decl":{"start":{"line":9,"column":2},"end":{"line":9,"column":3}},"loc":{"start":{"line":9,"column":21},"end":{"line":12,"column":3}},"line":9},"1":{"name":"(anonymous_1)","decl":{"start":{"line":14,"column":0},"end":{"line":14,"column":1}},"loc":{"start":{"line":14,"column":21},"end":{"line":16,"column":2}},"line":14},"2":{"name":"(anonymous_2)","decl":{"start":{"line":18,"column":1},"end":{"line":18,"column":2}},"loc":{"start":{"line":18,"column":16},"end":{"line":20,"column":2}},"line":18},"3":{"name":"(anonymous_3)","decl":{"start":{"line":23,"column":2},"end":{"line":23,"column":3}},"loc":{"start":{"line":23,"column":11},"end":{"line":46,"column":3}},"line":23},"4":{"name":"(anonymous_4)","decl":{"start":{"line":31,"column":22},"end":{"line":31,"column":23}},"loc":{"start":{"line":31,"column":31},"end":{"line":31,"column":75}},"line":31},"5":{"name":"(anonymous_5)","decl":{"start":{"line":33,"column":38},"end":{"line":33,"column":39}},"loc":{"start":{"line":33,"column":47},"end":{"line":33,"column":94}},"line":33},"6":{"name":"(anonymous_6)","decl":{"start":{"line":36,"column":23},"end":{"line":36,"column":24}},"loc":{"start":{"line":36,"column":27},"end":{"line":36,"column":100}},"line":36},"7":{"name":"(anonymous_7)","decl":{"start":{"line":37,"column":39},"end":{"line":37,"column":40}},"loc":{"start":{"line":37,"column":43},"end":{"line":37,"column":140}},"line":37},"8":{"name":"mapDispatchToProps","decl":{"start":{"line":49,"column":9},"end":{"line":49,"column":27}},"loc":{"start":{"line":49,"column":38},"end":{"line":51,"column":1}},"line":49}},"branchMap":{"0":{"loc":{"start":{"line":39,"column":6},"end":{"line":41,"column":24}},"type":"cond-expr","locations":[{"start":{"line":39,"column":26},"end":{"line":41,"column":11}},{"start":{"line":41,"column":13},"end":{"line":41,"column":24}}],"line":39}},"s":{"0":2,"1":2,"2":0,"3":0,"4":3,"5":0,"6":1,"7":0,"8":1,"9":2},"f":{"0":2,"1":0,"2":0,"3":3,"4":0,"5":1,"6":0,"7":1,"8":2},"b":{"0":[0,3]},"_coverageSchema":"332fd63041d2c1bcb487cc26dd0d5f7d97098a6c","hash":"51ce933ad78998c4765593bb555901aab11631ca"}
,"/Users/EthanChang/nodeprojects/KevinRohan/src/firebase/index.js": {"path":"/Users/EthanChang/nodeprojects/KevinRohan/src/firebase/index.js","statementMap":{"0":{"start":{"line":3,"column":14},"end":{"line":3,"column":18}},"1":{"start":{"line":5,"column":23},"end":{"line":12,"column":1}},"2":{"start":{"line":14,"column":30},"end":{"line":16,"column":1}},"3":{"start":{"line":15,"column":1},"end":{"line":15,"column":35}},"4":{"start":{"line":18,"column":27},"end":{"line":37,"column":1}},"5":{"start":{"line":19,"column":16},"end":{"line":19,"column":31}},"6":{"start":{"line":21,"column":1},"end":{"line":25,"column":2}},"7":{"start":{"line":23,"column":2},"end":{"line":23,"column":65}},"8":{"start":{"line":24,"column":2},"end":{"line":24,"column":13}},"9":{"start":{"line":27,"column":1},"end":{"line":33,"column":2}},"10":{"start":{"line":29,"column":2},"end":{"line":32,"column":3}},"11":{"start":{"line":31,"column":3},"end":{"line":31,"column":15}},"12":{"start":{"line":35,"column":1},"end":{"line":35,"column":64}},"13":{"start":{"line":36,"column":1},"end":{"line":36,"column":12}},"14":{"start":{"line":39,"column":28},"end":{"line":41,"column":1}},"15":{"start":{"line":40,"column":1},"end":{"line":40,"column":57}},"16":{"start":{"line":43,"column":29},"end":{"line":45,"column":1}},"17":{"start":{"line":44,"column":1},"end":{"line":44,"column":79}},"18":{"start":{"line":47,"column":28},"end":{"line":49,"column":1}},"19":{"start":{"line":48,"column":4},"end":{"line":48,"column":43}},"20":{"start":{"line":51,"column":27},"end":{"line":53,"column":1}},"21":{"start":{"line":52,"column":4},"end":{"line":52,"column":74}},"22":{"start":{"line":55,"column":39},"end":{"line":57,"column":1}},"23":{"start":{"line":56,"column":1},"end":{"line":56,"column":98}},"24":{"start":{"line":59,"column":34},"end":{"line":65,"column":1}},"25":{"start":{"line":60,"column":17},"end":{"line":62,"column":2}},"26":{"start":{"line":63,"column":1},"end":{"line":63,"column":21}},"27":{"start":{"line":64,"column":1},"end":{"line":64,"column":89}},"28":{"start":{"line":67,"column":33},"end":{"line":69,"column":1}},"29":{"start":{"line":68,"column":1},"end":{"line":68,"column":94}},"30":{"start":{"line":71,"column":34},"end":{"line":77,"column":1}},"31":{"start":{"line":72,"column":19},"end":{"line":74,"column":2}},"32":{"start":{"line":75,"column":1},"end":{"line":75,"column":43}},"33":{"start":{"line":76,"column":1},"end":{"line":76,"column":87}},"34":{"start":{"line":79,"column":35},"end":{"line":84,"column":1}},"35":{"start":{"line":80,"column":20},"end":{"line":82,"column":2}},"36":{"start":{"line":83,"column":1},"end":{"line":83,"column":74}},"37":{"start":{"line":86,"column":25},"end":{"line":88,"column":1}},"38":{"start":{"line":87,"column":1},"end":{"line":87,"column":80}},"39":{"start":{"line":90,"column":28},"end":{"line":113,"column":1}},"40":{"start":{"line":91,"column":1},"end":{"line":93,"column":2}},"41":{"start":{"line":92,"column":2},"end":{"line":92,"column":14}},"42":{"start":{"line":94,"column":16},"end":{"line":94,"column":46}},"43":{"start":{"line":96,"column":1},"end":{"line":99,"column":2}},"44":{"start":{"line":97,"column":2},"end":{"line":97,"column":53}},"45":{"start":{"line":98,"column":2},"end":{"line":98,"column":14}},"46":{"start":{"line":101,"column":1},"end":{"line":112,"column":3}},"47":{"start":{"line":102,"column":2},"end":{"line":102,"column":25}},"48":{"start":{"line":103,"column":16},"end":{"line":106,"column":6}},"49":{"start":{"line":107,"column":2},"end":{"line":107,"column":59}},"50":{"start":{"line":108,"column":2},"end":{"line":108,"column":26}},"51":{"start":{"line":110,"column":2},"end":{"line":110,"column":39}},"52":{"start":{"line":111,"column":2},"end":{"line":111,"column":14}},"53":{"start":{"line":115,"column":27},"end":{"line":143,"column":1}},"54":{"start":{"line":116,"column":4},"end":{"line":142,"column":4}},"55":{"start":{"line":117,"column":5},"end":{"line":141,"column":6}},"56":{"start":{"line":118,"column":17},"end":{"line":118,"column":61}},"57":{"start":{"line":120,"column":7},"end":{"line":138,"column":8}},"58":{"start":{"line":121,"column":8},"end":{"line":125,"column":9}},"59":{"start":{"line":122,"column":5},"end":{"line":122,"column":31}},"60":{"start":{"line":123,"column":5},"end":{"line":123,"column":19}},"61":{"start":{"line":124,"column":5},"end":{"line":124,"column":11}},"62":{"start":{"line":127,"column":23},"end":{"line":127,"column":45}},"63":{"start":{"line":128,"column":23},"end":{"line":135,"column":8}},"64":{"start":{"line":137,"column":7},"end":{"line":137,"column":36}},"65":{"start":{"line":140,"column":6},"end":{"line":140,"column":32}},"66":{"start":{"line":146,"column":21},"end":{"line":155,"column":1}},"67":{"start":{"line":147,"column":1},"end":{"line":149,"column":2}},"68":{"start":{"line":148,"column":2},"end":{"line":148,"column":8}},"69":{"start":{"line":150,"column":1},"end":{"line":154,"column":3}},"70":{"start":{"line":151,"column":2},"end":{"line":151,"column":16}},"71":{"start":{"line":153,"column":2},"end":{"line":153,"column":38}},"72":{"start":{"line":157,"column":22},"end":{"line":160,"column":1}},"73":{"start":{"line":158,"column":16},"end":{"line":158,"column":47}},"74":{"start":{"line":159,"column":2},"end":{"line":159,"column":27}},"75":{"start":{"line":162,"column":37},"end":{"line":167,"column":1}},"76":{"start":{"line":163,"column":14},"end":{"line":163,"column":41}},"77":{"start":{"line":164,"column":1},"end":{"line":166,"column":3}},"78":{"start":{"line":165,"column":2},"end":{"line":165,"column":20}},"79":{"start":{"line":176,"column":25},"end":{"line":182,"column":1}},"80":{"start":{"line":177,"column":16},"end":{"line":179,"column":2}},"81":{"start":{"line":181,"column":1},"end":{"line":181,"column":51}},"82":{"start":{"line":184,"column":22},"end":{"line":189,"column":1}},"83":{"start":{"line":185,"column":19},"end":{"line":185,"column":90}},"84":{"start":{"line":186,"column":1},"end":{"line":188,"column":3}},"85":{"start":{"line":187,"column":2},"end":{"line":187,"column":30}},"86":{"start":{"line":191,"column":24},"end":{"line":196,"column":1}},"87":{"start":{"line":192,"column":19},"end":{"line":192,"column":92}},"88":{"start":{"line":193,"column":1},"end":{"line":195,"column":3}},"89":{"start":{"line":194,"column":2},"end":{"line":194,"column":32}},"90":{"start":{"line":198,"column":32},"end":{"line":224,"column":1}},"91":{"start":{"line":199,"column":14},"end":{"line":199,"column":41}},"92":{"start":{"line":201,"column":18},"end":{"line":201,"column":92}},"93":{"start":{"line":202,"column":12},"end":{"line":202,"column":32}},"94":{"start":{"line":204,"column":1},"end":{"line":223,"column":4}},"95":{"start":{"line":208,"column":3},"end":{"line":208,"column":19}},"96":{"start":{"line":212,"column":14},"end":{"line":212,"column":48}},"97":{"start":{"line":213,"column":3},"end":{"line":220,"column":5}},"98":{"start":{"line":214,"column":17},"end":{"line":214,"column":19}},"99":{"start":{"line":215,"column":4},"end":{"line":215,"column":22}},"100":{"start":{"line":216,"column":4},"end":{"line":216,"column":44}},"101":{"start":{"line":219,"column":4},"end":{"line":219,"column":22}}},"fnMap":{"0":{"name":"(anonymous_0)","decl":{"start":{"line":14,"column":30},"end":{"line":14,"column":31}},"loc":{"start":{"line":14,"column":36},"end":{"line":16,"column":1}},"line":14},"1":{"name":"(anonymous_1)","decl":{"start":{"line":18,"column":27},"end":{"line":18,"column":28}},"loc":{"start":{"line":18,"column":51},"end":{"line":37,"column":1}},"line":18},"2":{"name":"(anonymous_2)","decl":{"start":{"line":39,"column":28},"end":{"line":39,"column":29}},"loc":{"start":{"line":39,"column":42},"end":{"line":41,"column":1}},"line":39},"3":{"name":"(anonymous_3)","decl":{"start":{"line":43,"column":29},"end":{"line":43,"column":30}},"loc":{"start":{"line":43,"column":54},"end":{"line":45,"column":1}},"line":43},"4":{"name":"(anonymous_4)","decl":{"start":{"line":47,"column":28},"end":{"line":47,"column":29}},"loc":{"start":{"line":47,"column":34},"end":{"line":49,"column":1}},"line":47},"5":{"name":"(anonymous_5)","decl":{"start":{"line":51,"column":27},"end":{"line":51,"column":28}},"loc":{"start":{"line":51,"column":62},"end":{"line":53,"column":1}},"line":51},"6":{"name":"(anonymous_6)","decl":{"start":{"line":55,"column":39},"end":{"line":55,"column":40}},"loc":{"start":{"line":55,"column":61},"end":{"line":57,"column":1}},"line":55},"7":{"name":"(anonymous_7)","decl":{"start":{"line":59,"column":34},"end":{"line":59,"column":35}},"loc":{"start":{"line":59,"column":88},"end":{"line":65,"column":1}},"line":59},"8":{"name":"(anonymous_8)","decl":{"start":{"line":67,"column":33},"end":{"line":67,"column":34}},"loc":{"start":{"line":67,"column":57},"end":{"line":69,"column":1}},"line":67},"9":{"name":"(anonymous_9)","decl":{"start":{"line":71,"column":34},"end":{"line":71,"column":35}},"loc":{"start":{"line":71,"column":111},"end":{"line":77,"column":1}},"line":71},"10":{"name":"(anonymous_10)","decl":{"start":{"line":79,"column":35},"end":{"line":79,"column":36}},"loc":{"start":{"line":79,"column":108},"end":{"line":84,"column":1}},"line":79},"11":{"name":"(anonymous_11)","decl":{"start":{"line":86,"column":25},"end":{"line":86,"column":26}},"loc":{"start":{"line":86,"column":58},"end":{"line":88,"column":1}},"line":86},"12":{"name":"(anonymous_12)","decl":{"start":{"line":90,"column":28},"end":{"line":90,"column":29}},"loc":{"start":{"line":90,"column":60},"end":{"line":113,"column":1}},"line":90},"13":{"name":"(anonymous_13)","decl":{"start":{"line":101,"column":70},"end":{"line":101,"column":71}},"loc":{"start":{"line":101,"column":80},"end":{"line":109,"column":2}},"line":101},"14":{"name":"(anonymous_14)","decl":{"start":{"line":109,"column":10},"end":{"line":109,"column":11}},"loc":{"start":{"line":109,"column":19},"end":{"line":112,"column":2}},"line":109},"15":{"name":"(anonymous_15)","decl":{"start":{"line":115,"column":27},"end":{"line":115,"column":28}},"loc":{"start":{"line":115,"column":51},"end":{"line":143,"column":1}},"line":115},"16":{"name":"(anonymous_16)","decl":{"start":{"line":116,"column":39},"end":{"line":116,"column":40}},"loc":{"start":{"line":116,"column":54},"end":{"line":142,"column":2}},"line":116},"17":{"name":"(anonymous_17)","decl":{"start":{"line":120,"column":34},"end":{"line":120,"column":35}},"loc":{"start":{"line":120,"column":53},"end":{"line":138,"column":7}},"line":120},"18":{"name":"(anonymous_18)","decl":{"start":{"line":146,"column":21},"end":{"line":146,"column":22}},"loc":{"start":{"line":146,"column":67},"end":{"line":155,"column":1}},"line":146},"19":{"name":"(anonymous_19)","decl":{"start":{"line":150,"column":66},"end":{"line":150,"column":67}},"loc":{"start":{"line":150,"column":77},"end":{"line":152,"column":2}},"line":150},"20":{"name":"(anonymous_20)","decl":{"start":{"line":152,"column":10},"end":{"line":152,"column":11}},"loc":{"start":{"line":152,"column":19},"end":{"line":154,"column":2}},"line":152},"21":{"name":"(anonymous_21)","decl":{"start":{"line":157,"column":22},"end":{"line":157,"column":23}},"loc":{"start":{"line":157,"column":28},"end":{"line":160,"column":1}},"line":157},"22":{"name":"(anonymous_22)","decl":{"start":{"line":162,"column":37},"end":{"line":162,"column":38}},"loc":{"start":{"line":162,"column":43},"end":{"line":167,"column":1}},"line":162},"23":{"name":"(anonymous_23)","decl":{"start":{"line":164,"column":36},"end":{"line":164,"column":37}},"loc":{"start":{"line":164,"column":52},"end":{"line":166,"column":2}},"line":164},"24":{"name":"(anonymous_24)","decl":{"start":{"line":176,"column":25},"end":{"line":176,"column":26}},"loc":{"start":{"line":176,"column":113},"end":{"line":182,"column":1}},"line":176},"25":{"name":"(anonymous_25)","decl":{"start":{"line":184,"column":22},"end":{"line":184,"column":23}},"loc":{"start":{"line":184,"column":36},"end":{"line":189,"column":1}},"line":184},"26":{"name":"(anonymous_26)","decl":{"start":{"line":186,"column":25},"end":{"line":186,"column":26}},"loc":{"start":{"line":186,"column":40},"end":{"line":188,"column":2}},"line":186},"27":{"name":"(anonymous_27)","decl":{"start":{"line":191,"column":24},"end":{"line":191,"column":25}},"loc":{"start":{"line":191,"column":38},"end":{"line":196,"column":1}},"line":191},"28":{"name":"(anonymous_28)","decl":{"start":{"line":193,"column":25},"end":{"line":193,"column":26}},"loc":{"start":{"line":193,"column":42},"end":{"line":195,"column":2}},"line":193},"29":{"name":"(anonymous_29)","decl":{"start":{"line":198,"column":32},"end":{"line":198,"column":33}},"loc":{"start":{"line":198,"column":41},"end":{"line":224,"column":1}},"line":198},"30":{"name":"progress","decl":{"start":{"line":205,"column":11},"end":{"line":205,"column":19}},"loc":{"start":{"line":205,"column":29},"end":{"line":205,"column":31}},"line":205},"31":{"name":"error","decl":{"start":{"line":207,"column":11},"end":{"line":207,"column":16}},"loc":{"start":{"line":207,"column":21},"end":{"line":209,"column":3}},"line":207},"32":{"name":"complete","decl":{"start":{"line":211,"column":11},"end":{"line":211,"column":19}},"loc":{"start":{"line":211,"column":21},"end":{"line":223,"column":3}},"line":211},"33":{"name":"(anonymous_33)","decl":{"start":{"line":213,"column":36},"end":{"line":213,"column":37}},"loc":{"start":{"line":213,"column":49},"end":{"line":218,"column":4}},"line":213},"34":{"name":"(anonymous_34)","decl":{"start":{"line":218,"column":12},"end":{"line":218,"column":13}},"loc":{"start":{"line":218,"column":22},"end":{"line":220,"column":4}},"line":218}},"branchMap":{"0":{"loc":{"start":{"line":21,"column":1},"end":{"line":25,"column":2}},"type":"if","locations":[{"start":{"line":21,"column":1},"end":{"line":25,"column":2}},{"start":{"line":21,"column":1},"end":{"line":25,"column":2}}],"line":21},"1":{"loc":{"start":{"line":29,"column":2},"end":{"line":32,"column":3}},"type":"if","locations":[{"start":{"line":29,"column":2},"end":{"line":32,"column":3}},{"start":{"line":29,"column":2},"end":{"line":32,"column":3}}],"line":29},"2":{"loc":{"start":{"line":91,"column":1},"end":{"line":93,"column":2}},"type":"if","locations":[{"start":{"line":91,"column":1},"end":{"line":93,"column":2}},{"start":{"line":91,"column":1},"end":{"line":93,"column":2}}],"line":91},"3":{"loc":{"start":{"line":96,"column":1},"end":{"line":99,"column":2}},"type":"if","locations":[{"start":{"line":96,"column":1},"end":{"line":99,"column":2}},{"start":{"line":96,"column":1},"end":{"line":99,"column":2}}],"line":96},"4":{"loc":{"start":{"line":117,"column":5},"end":{"line":141,"column":6}},"type":"if","locations":[{"start":{"line":117,"column":5},"end":{"line":141,"column":6}},{"start":{"line":117,"column":5},"end":{"line":141,"column":6}}],"line":117},"5":{"loc":{"start":{"line":121,"column":8},"end":{"line":125,"column":9}},"type":"if","locations":[{"start":{"line":121,"column":8},"end":{"line":125,"column":9}},{"start":{"line":121,"column":8},"end":{"line":125,"column":9}}],"line":121},"6":{"loc":{"start":{"line":147,"column":1},"end":{"line":149,"column":2}},"type":"if","locations":[{"start":{"line":147,"column":1},"end":{"line":149,"column":2}},{"start":{"line":147,"column":1},"end":{"line":149,"column":2}}],"line":147},"7":{"loc":{"start":{"line":176,"column":74},"end":{"line":176,"column":89}},"type":"default-arg","locations":[{"start":{"line":176,"column":84},"end":{"line":176,"column":89}}],"line":176},"8":{"loc":{"start":{"line":187,"column":10},"end":{"line":187,"column":24}},"type":"binary-expr","locations":[{"start":{"line":187,"column":10},"end":{"line":187,"column":19}},{"start":{"line":187,"column":23},"end":{"line":187,"column":24}}],"line":187},"9":{"loc":{"start":{"line":194,"column":10},"end":{"line":194,"column":26}},"type":"binary-expr","locations":[{"start":{"line":194,"column":10},"end":{"line":194,"column":21}},{"start":{"line":194,"column":25},"end":{"line":194,"column":26}}],"line":194}},"s":{"0":1,"1":1,"2":1,"3":0,"4":1,"5":0,"6":0,"7":0,"8":0,"9":0,"10":0,"11":0,"12":0,"13":0,"14":1,"15":0,"16":1,"17":0,"18":1,"19":0,"20":1,"21":0,"22":1,"23":0,"24":1,"25":0,"26":0,"27":0,"28":1,"29":0,"30":1,"31":0,"32":0,"33":0,"34":1,"35":0,"36":0,"37":1,"38":0,"39":1,"40":0,"41":0,"42":0,"43":0,"44":0,"45":0,"46":0,"47":0,"48":0,"49":0,"50":0,"51":0,"52":0,"53":1,"54":0,"55":0,"56":0,"57":0,"58":0,"59":0,"60":0,"61":0,"62":0,"63":0,"64":0,"65":0,"66":1,"67":1,"68":0,"69":0,"70":0,"71":0,"72":1,"73":0,"74":0,"75":1,"76":0,"77":0,"78":0,"79":1,"80":0,"81":0,"82":1,"83":0,"84":0,"85":0,"86":1,"87":0,"88":0,"89":0,"90":1,"91":0,"92":0,"93":0,"94":0,"95":0,"96":0,"97":0,"98":0,"99":0,"100":0,"101":0},"f":{"0":0,"1":0,"2":0,"3":0,"4":0,"5":0,"6":0,"7":0,"8":0,"9":0,"10":0,"11":0,"12":0,"13":0,"14":0,"15":0,"16":0,"17":0,"18":1,"19":0,"20":0,"21":0,"22":0,"23":0,"24":0,"25":0,"26":0,"27":0,"28":0,"29":0,"30":0,"31":0,"32":0,"33":0,"34":0},"b":{"0":[0,0],"1":[0,0],"2":[0,0],"3":[0,0],"4":[0,0],"5":[0,0],"6":[0,0],"7":[0],"8":[0,0],"9":[0,0]},"_coverageSchema":"332fd63041d2c1bcb487cc26dd0d5f7d97098a6c","hash":"17e2ed108fe476b5e36b9c3762e9c9215d42d353"}
,"/Users/EthanChang/nodeprojects/KevinRohan/src/reducers/login-reducer.js": {"path":"/Users/EthanChang/nodeprojects/KevinRohan/src/reducers/login-reducer.js","statementMap":{"0":{"start":{"line":1,"column":22},"end":{"line":1,"column":36}},"1":{"start":{"line":2,"column":25},"end":{"line":2,"column":42}},"2":{"start":{"line":4,"column":36},"end":{"line":9,"column":1}},"3":{"start":{"line":5,"column":1},"end":{"line":8,"column":2}},"4":{"start":{"line":12,"column":1},"end":{"line":17,"column":2}},"5":{"start":{"line":14,"column":3},"end":{"line":14,"column":24}},"6":{"start":{"line":16,"column":3},"end":{"line":16,"column":15}}},"fnMap":{"0":{"name":"(anonymous_0)","decl":{"start":{"line":4,"column":36},"end":{"line":4,"column":37}},"loc":{"start":{"line":4,"column":46},"end":{"line":9,"column":1}},"line":4},"1":{"name":"(anonymous_1)","decl":{"start":{"line":11,"column":15},"end":{"line":11,"column":16}},"loc":{"start":{"line":11,"column":44},"end":{"line":18,"column":1}},"line":11}},"branchMap":{"0":{"loc":{"start":{"line":11,"column":24},"end":{"line":11,"column":34}},"type":"default-arg","locations":[{"start":{"line":11,"column":32},"end":{"line":11,"column":34}}],"line":11},"1":{"loc":{"start":{"line":12,"column":1},"end":{"line":17,"column":2}},"type":"switch","locations":[{"start":{"line":13,"column":2},"end":{"line":14,"column":24}},{"start":{"line":15,"column":2},"end":{"line":16,"column":15}}],"line":12}},"s":{"0":3,"1":3,"2":3,"3":1,"4":2,"5":1,"6":1},"f":{"0":1,"1":2},"b":{"0":[1],"1":[1,1]},"_coverageSchema":"332fd63041d2c1bcb487cc26dd0d5f7d97098a6c","hash":"dcf3437ca0a6d2940e63148ff1f727784d777195"}
}
