{"/Users/flaviomedrano/Desktop/KnowItAll/KnowItAll/test-setup.js": {"path":"/Users/flaviomedrano/Desktop/KnowItAll/KnowItAll/test-setup.js","statementMap":{"0":{"start":{"line":5,"column":0},"end":{"line":5,"column":36}}},"fnMap":{},"branchMap":{},"s":{"0":3},"f":{},"b":{},"_coverageSchema":"332fd63041d2c1bcb487cc26dd0d5f7d97098a6c","hash":"4336e931febf2467f686e149d256122404f05627"}
,"/Users/flaviomedrano/Desktop/KnowItAll/KnowItAll/src/components/navbar.js": {"path":"/Users/flaviomedrano/Desktop/KnowItAll/KnowItAll/src/components/navbar.js","statementMap":{"0":{"start":{"line":12,"column":4},"end":{"line":12,"column":16}},"1":{"start":{"line":14,"column":4},"end":{"line":14,"column":47}},"2":{"start":{"line":16,"column":4},"end":{"line":19,"column":5}},"3":{"start":{"line":18,"column":6},"end":{"line":18,"column":50}},"4":{"start":{"line":21,"column":4},"end":{"line":21,"column":33}},"5":{"start":{"line":24,"column":16},"end":{"line":24,"column":34}},"6":{"start":{"line":26,"column":4},"end":{"line":30,"column":5}},"7":{"start":{"line":27,"column":6},"end":{"line":27,"column":67}},"8":{"start":{"line":28,"column":6},"end":{"line":28,"column":37}},"9":{"start":{"line":29,"column":6},"end":{"line":29,"column":12}},"10":{"start":{"line":34,"column":2},"end":{"line":73,"column":3}},"11":{"start":{"line":68,"column":109},"end":{"line":68,"column":156}},"12":{"start":{"line":69,"column":31},"end":{"line":69,"column":62}},"13":{"start":{"line":78,"column":2},"end":{"line":78,"column":86}},"14":{"start":{"line":82,"column":2},"end":{"line":84,"column":3}}},"fnMap":{"0":{"name":"(anonymous_0)","decl":{"start":{"line":11,"column":2},"end":{"line":11,"column":3}},"loc":{"start":{"line":11,"column":21},"end":{"line":22,"column":3}},"line":11},"1":{"name":"(anonymous_1)","decl":{"start":{"line":23,"column":2},"end":{"line":23,"column":3}},"loc":{"start":{"line":23,"column":20},"end":{"line":31,"column":3}},"line":23},"2":{"name":"(anonymous_2)","decl":{"start":{"line":33,"column":1},"end":{"line":33,"column":2}},"loc":{"start":{"line":33,"column":10},"end":{"line":74,"column":2}},"line":33},"3":{"name":"(anonymous_3)","decl":{"start":{"line":68,"column":99},"end":{"line":68,"column":100}},"loc":{"start":{"line":68,"column":108},"end":{"line":68,"column":157}},"line":68},"4":{"name":"(anonymous_4)","decl":{"start":{"line":69,"column":26},"end":{"line":69,"column":27}},"loc":{"start":{"line":69,"column":30},"end":{"line":69,"column":63}},"line":69},"5":{"name":"mapDispatchToProps","decl":{"start":{"line":77,"column":9},"end":{"line":77,"column":27}},"loc":{"start":{"line":77,"column":38},"end":{"line":79,"column":1}},"line":77},"6":{"name":"mapStateToProps","decl":{"start":{"line":81,"column":9},"end":{"line":81,"column":24}},"loc":{"start":{"line":81,"column":32},"end":{"line":85,"column":1}},"line":81}},"branchMap":{"0":{"loc":{"start":{"line":16,"column":4},"end":{"line":19,"column":5}},"type":"if","locations":[{"start":{"line":16,"column":4},"end":{"line":19,"column":5}},{"start":{"line":16,"column":4},"end":{"line":19,"column":5}}],"line":16},"1":{"loc":{"start":{"line":26,"column":4},"end":{"line":30,"column":5}},"type":"if","locations":[{"start":{"line":26,"column":4},"end":{"line":30,"column":5}},{"start":{"line":26,"column":4},"end":{"line":30,"column":5}}],"line":26},"2":{"loc":{"start":{"line":45,"column":22},"end":{"line":50,"column":38}},"type":"cond-expr","locations":[{"start":{"line":46,"column":24},"end":{"line":50,"column":25}},{"start":{"line":50,"column":27},"end":{"line":50,"column":38}}],"line":45},"3":{"loc":{"start":{"line":46,"column":24},"end":{"line":50,"column":25}},"type":"cond-expr","locations":[{"start":{"line":47,"column":28},"end":{"line":47,"column":79}},{"start":{"line":49,"column":26},"end":{"line":49,"column":108}}],"line":46},"4":{"loc":{"start":{"line":53,"column":18},"end":{"line":57,"column":33}},"type":"cond-expr","locations":[{"start":{"line":54,"column":20},"end":{"line":56,"column":25}},{"start":{"line":57,"column":21},"end":{"line":57,"column":32}}],"line":53},"5":{"loc":{"start":{"line":53,"column":18},"end":{"line":53,"column":66}},"type":"binary-expr","locations":[{"start":{"line":53,"column":18},"end":{"line":53,"column":41}},{"start":{"line":53,"column":45},"end":{"line":53,"column":66}}],"line":53},"6":{"loc":{"start":{"line":59,"column":18},"end":{"line":63,"column":33}},"type":"cond-expr","locations":[{"start":{"line":60,"column":20},"end":{"line":62,"column":25}},{"start":{"line":63,"column":21},"end":{"line":63,"column":32}}],"line":59},"7":{"loc":{"start":{"line":59,"column":18},"end":{"line":59,"column":93}},"type":"binary-expr","locations":[{"start":{"line":59,"column":18},"end":{"line":59,"column":41}},{"start":{"line":59,"column":45},"end":{"line":59,"column":66}},{"start":{"line":59,"column":70},"end":{"line":59,"column":93}}],"line":59}},"s":{"0":0,"1":0,"2":0,"3":0,"4":0,"5":0,"6":0,"7":0,"8":0,"9":0,"10":0,"11":0,"12":0,"13":0,"14":0},"f":{"0":0,"1":0,"2":0,"3":0,"4":0,"5":0,"6":0},"b":{"0":[0,0],"1":[0,0],"2":[0,0],"3":[0,0],"4":[0,0],"5":[0,0],"6":[0,0],"7":[0,0,0]},"_coverageSchema":"332fd63041d2c1bcb487cc26dd0d5f7d97098a6c","hash":"66d6a8df95054d4385e8adbc040728e7fef08317"}
,"/Users/flaviomedrano/Desktop/KnowItAll/KnowItAll/src/containers/login-container.js": {"path":"/Users/flaviomedrano/Desktop/KnowItAll/KnowItAll/src/containers/login-container.js","statementMap":{"0":{"start":{"line":10,"column":4},"end":{"line":10,"column":17}},"1":{"start":{"line":11,"column":4},"end":{"line":11,"column":54}},"2":{"start":{"line":15,"column":3},"end":{"line":15,"column":43}},"3":{"start":{"line":19,"column":2},"end":{"line":19,"column":30}},"4":{"start":{"line":23,"column":3},"end":{"line":44,"column":4}},"5":{"start":{"line":30,"column":32},"end":{"line":30,"column":74}},"6":{"start":{"line":32,"column":32},"end":{"line":32,"column":77}},"7":{"start":{"line":35,"column":28},"end":{"line":35,"column":99}},"8":{"start":{"line":36,"column":28},"end":{"line":36,"column":117}},"9":{"start":{"line":49,"column":2},"end":{"line":49,"column":65}}},"fnMap":{"0":{"name":"(anonymous_0)","decl":{"start":{"line":9,"column":2},"end":{"line":9,"column":3}},"loc":{"start":{"line":9,"column":21},"end":{"line":12,"column":3}},"line":9},"1":{"name":"(anonymous_1)","decl":{"start":{"line":14,"column":0},"end":{"line":14,"column":1}},"loc":{"start":{"line":14,"column":14},"end":{"line":16,"column":2}},"line":14},"2":{"name":"(anonymous_2)","decl":{"start":{"line":18,"column":1},"end":{"line":18,"column":2}},"loc":{"start":{"line":18,"column":16},"end":{"line":20,"column":2}},"line":18},"3":{"name":"(anonymous_3)","decl":{"start":{"line":22,"column":2},"end":{"line":22,"column":3}},"loc":{"start":{"line":22,"column":11},"end":{"line":45,"column":3}},"line":22},"4":{"name":"(anonymous_4)","decl":{"start":{"line":30,"column":22},"end":{"line":30,"column":23}},"loc":{"start":{"line":30,"column":31},"end":{"line":30,"column":75}},"line":30},"5":{"name":"(anonymous_5)","decl":{"start":{"line":32,"column":22},"end":{"line":32,"column":23}},"loc":{"start":{"line":32,"column":31},"end":{"line":32,"column":78}},"line":32},"6":{"name":"(anonymous_6)","decl":{"start":{"line":35,"column":23},"end":{"line":35,"column":24}},"loc":{"start":{"line":35,"column":27},"end":{"line":35,"column":100}},"line":35},"7":{"name":"(anonymous_7)","decl":{"start":{"line":36,"column":23},"end":{"line":36,"column":24}},"loc":{"start":{"line":36,"column":27},"end":{"line":36,"column":118}},"line":36},"8":{"name":"mapDispatchToProps","decl":{"start":{"line":48,"column":9},"end":{"line":48,"column":27}},"loc":{"start":{"line":48,"column":38},"end":{"line":50,"column":1}},"line":48}},"branchMap":{"0":{"loc":{"start":{"line":38,"column":6},"end":{"line":40,"column":24}},"type":"cond-expr","locations":[{"start":{"line":38,"column":26},"end":{"line":40,"column":11}},{"start":{"line":40,"column":13},"end":{"line":40,"column":24}}],"line":38}},"s":{"0":5,"1":5,"2":0,"3":0,"4":5,"5":0,"6":0,"7":0,"8":0,"9":5},"f":{"0":5,"1":0,"2":0,"3":5,"4":0,"5":0,"6":0,"7":0,"8":5},"b":{"0":[0,5]},"_coverageSchema":"332fd63041d2c1bcb487cc26dd0d5f7d97098a6c","hash":"e4479889543861a70b922c93e8ccd9eb1467d3ab"}
,"/Users/flaviomedrano/Desktop/KnowItAll/KnowItAll/src/firebase/index.js": {"path":"/Users/flaviomedrano/Desktop/KnowItAll/KnowItAll/src/firebase/index.js","statementMap":{"0":{"start":{"line":3,"column":14},"end":{"line":3,"column":18}},"1":{"start":{"line":5,"column":23},"end":{"line":12,"column":1}},"2":{"start":{"line":14,"column":30},"end":{"line":16,"column":1}},"3":{"start":{"line":15,"column":1},"end":{"line":15,"column":35}},"4":{"start":{"line":18,"column":27},"end":{"line":37,"column":1}},"5":{"start":{"line":19,"column":16},"end":{"line":19,"column":31}},"6":{"start":{"line":21,"column":1},"end":{"line":25,"column":2}},"7":{"start":{"line":23,"column":2},"end":{"line":23,"column":65}},"8":{"start":{"line":24,"column":2},"end":{"line":24,"column":13}},"9":{"start":{"line":27,"column":1},"end":{"line":33,"column":2}},"10":{"start":{"line":29,"column":2},"end":{"line":32,"column":3}},"11":{"start":{"line":31,"column":3},"end":{"line":31,"column":15}},"12":{"start":{"line":35,"column":1},"end":{"line":35,"column":64}},"13":{"start":{"line":36,"column":1},"end":{"line":36,"column":12}},"14":{"start":{"line":39,"column":28},"end":{"line":41,"column":1}},"15":{"start":{"line":40,"column":1},"end":{"line":40,"column":57}},"16":{"start":{"line":43,"column":29},"end":{"line":45,"column":1}},"17":{"start":{"line":44,"column":1},"end":{"line":44,"column":79}},"18":{"start":{"line":47,"column":28},"end":{"line":49,"column":1}},"19":{"start":{"line":48,"column":4},"end":{"line":48,"column":43}},"20":{"start":{"line":51,"column":27},"end":{"line":53,"column":1}},"21":{"start":{"line":52,"column":4},"end":{"line":52,"column":74}},"22":{"start":{"line":55,"column":39},"end":{"line":57,"column":1}},"23":{"start":{"line":56,"column":1},"end":{"line":56,"column":98}},"24":{"start":{"line":59,"column":34},"end":{"line":65,"column":1}},"25":{"start":{"line":60,"column":17},"end":{"line":62,"column":2}},"26":{"start":{"line":63,"column":1},"end":{"line":63,"column":21}},"27":{"start":{"line":64,"column":1},"end":{"line":64,"column":89}},"28":{"start":{"line":67,"column":33},"end":{"line":69,"column":1}},"29":{"start":{"line":68,"column":1},"end":{"line":68,"column":94}},"30":{"start":{"line":71,"column":34},"end":{"line":77,"column":1}},"31":{"start":{"line":72,"column":19},"end":{"line":74,"column":2}},"32":{"start":{"line":75,"column":1},"end":{"line":75,"column":43}},"33":{"start":{"line":76,"column":1},"end":{"line":76,"column":87}},"34":{"start":{"line":79,"column":35},"end":{"line":84,"column":1}},"35":{"start":{"line":80,"column":20},"end":{"line":82,"column":2}},"36":{"start":{"line":83,"column":1},"end":{"line":83,"column":74}},"37":{"start":{"line":86,"column":25},"end":{"line":88,"column":1}},"38":{"start":{"line":87,"column":1},"end":{"line":87,"column":80}},"39":{"start":{"line":90,"column":28},"end":{"line":111,"column":1}},"40":{"start":{"line":91,"column":1},"end":{"line":93,"column":2}},"41":{"start":{"line":92,"column":2},"end":{"line":92,"column":8}},"42":{"start":{"line":94,"column":16},"end":{"line":94,"column":46}},"43":{"start":{"line":96,"column":1},"end":{"line":99,"column":2}},"44":{"start":{"line":97,"column":2},"end":{"line":97,"column":26}},"45":{"start":{"line":98,"column":2},"end":{"line":98,"column":8}},"46":{"start":{"line":101,"column":1},"end":{"line":110,"column":3}},"47":{"start":{"line":102,"column":2},"end":{"line":102,"column":25}},"48":{"start":{"line":103,"column":16},"end":{"line":105,"column":6}},"49":{"start":{"line":106,"column":2},"end":{"line":106,"column":59}},"50":{"start":{"line":107,"column":2},"end":{"line":107,"column":26}},"51":{"start":{"line":109,"column":2},"end":{"line":109,"column":26}},"52":{"start":{"line":113,"column":27},"end":{"line":141,"column":1}},"53":{"start":{"line":114,"column":4},"end":{"line":140,"column":4}},"54":{"start":{"line":115,"column":5},"end":{"line":139,"column":6}},"55":{"start":{"line":116,"column":17},"end":{"line":116,"column":61}},"56":{"start":{"line":118,"column":7},"end":{"line":136,"column":8}},"57":{"start":{"line":119,"column":8},"end":{"line":123,"column":9}},"58":{"start":{"line":120,"column":5},"end":{"line":120,"column":31}},"59":{"start":{"line":121,"column":5},"end":{"line":121,"column":19}},"60":{"start":{"line":122,"column":5},"end":{"line":122,"column":11}},"61":{"start":{"line":125,"column":23},"end":{"line":125,"column":45}},"62":{"start":{"line":126,"column":23},"end":{"line":133,"column":8}},"63":{"start":{"line":135,"column":7},"end":{"line":135,"column":36}},"64":{"start":{"line":138,"column":6},"end":{"line":138,"column":32}},"65":{"start":{"line":143,"column":21},"end":{"line":150,"column":1}},"66":{"start":{"line":144,"column":1},"end":{"line":146,"column":2}},"67":{"start":{"line":145,"column":2},"end":{"line":145,"column":8}},"68":{"start":{"line":147,"column":1},"end":{"line":149,"column":3}},"69":{"start":{"line":148,"column":2},"end":{"line":148,"column":16}},"70":{"start":{"line":152,"column":22},"end":{"line":155,"column":1}},"71":{"start":{"line":153,"column":16},"end":{"line":153,"column":47}},"72":{"start":{"line":154,"column":2},"end":{"line":154,"column":27}},"73":{"start":{"line":157,"column":37},"end":{"line":162,"column":1}},"74":{"start":{"line":158,"column":14},"end":{"line":158,"column":41}},"75":{"start":{"line":159,"column":1},"end":{"line":161,"column":3}},"76":{"start":{"line":160,"column":2},"end":{"line":160,"column":20}},"77":{"start":{"line":171,"column":25},"end":{"line":177,"column":1}},"78":{"start":{"line":172,"column":16},"end":{"line":174,"column":2}},"79":{"start":{"line":176,"column":1},"end":{"line":176,"column":51}},"80":{"start":{"line":179,"column":22},"end":{"line":184,"column":1}},"81":{"start":{"line":180,"column":19},"end":{"line":180,"column":90}},"82":{"start":{"line":181,"column":1},"end":{"line":183,"column":3}},"83":{"start":{"line":182,"column":2},"end":{"line":182,"column":30}},"84":{"start":{"line":186,"column":24},"end":{"line":191,"column":1}},"85":{"start":{"line":187,"column":19},"end":{"line":187,"column":92}},"86":{"start":{"line":188,"column":1},"end":{"line":190,"column":3}},"87":{"start":{"line":189,"column":2},"end":{"line":189,"column":32}}},"fnMap":{"0":{"name":"(anonymous_0)","decl":{"start":{"line":14,"column":30},"end":{"line":14,"column":31}},"loc":{"start":{"line":14,"column":36},"end":{"line":16,"column":1}},"line":14},"1":{"name":"(anonymous_1)","decl":{"start":{"line":18,"column":27},"end":{"line":18,"column":28}},"loc":{"start":{"line":18,"column":51},"end":{"line":37,"column":1}},"line":18},"2":{"name":"(anonymous_2)","decl":{"start":{"line":39,"column":28},"end":{"line":39,"column":29}},"loc":{"start":{"line":39,"column":42},"end":{"line":41,"column":1}},"line":39},"3":{"name":"(anonymous_3)","decl":{"start":{"line":43,"column":29},"end":{"line":43,"column":30}},"loc":{"start":{"line":43,"column":54},"end":{"line":45,"column":1}},"line":43},"4":{"name":"(anonymous_4)","decl":{"start":{"line":47,"column":28},"end":{"line":47,"column":29}},"loc":{"start":{"line":47,"column":34},"end":{"line":49,"column":1}},"line":47},"5":{"name":"(anonymous_5)","decl":{"start":{"line":51,"column":27},"end":{"line":51,"column":28}},"loc":{"start":{"line":51,"column":62},"end":{"line":53,"column":1}},"line":51},"6":{"name":"(anonymous_6)","decl":{"start":{"line":55,"column":39},"end":{"line":55,"column":40}},"loc":{"start":{"line":55,"column":61},"end":{"line":57,"column":1}},"line":55},"7":{"name":"(anonymous_7)","decl":{"start":{"line":59,"column":34},"end":{"line":59,"column":35}},"loc":{"start":{"line":59,"column":88},"end":{"line":65,"column":1}},"line":59},"8":{"name":"(anonymous_8)","decl":{"start":{"line":67,"column":33},"end":{"line":67,"column":34}},"loc":{"start":{"line":67,"column":57},"end":{"line":69,"column":1}},"line":67},"9":{"name":"(anonymous_9)","decl":{"start":{"line":71,"column":34},"end":{"line":71,"column":35}},"loc":{"start":{"line":71,"column":111},"end":{"line":77,"column":1}},"line":71},"10":{"name":"(anonymous_10)","decl":{"start":{"line":79,"column":35},"end":{"line":79,"column":36}},"loc":{"start":{"line":79,"column":108},"end":{"line":84,"column":1}},"line":79},"11":{"name":"(anonymous_11)","decl":{"start":{"line":86,"column":25},"end":{"line":86,"column":26}},"loc":{"start":{"line":86,"column":58},"end":{"line":88,"column":1}},"line":86},"12":{"name":"(anonymous_12)","decl":{"start":{"line":90,"column":28},"end":{"line":90,"column":29}},"loc":{"start":{"line":90,"column":60},"end":{"line":111,"column":1}},"line":90},"13":{"name":"(anonymous_13)","decl":{"start":{"line":101,"column":70},"end":{"line":101,"column":71}},"loc":{"start":{"line":101,"column":80},"end":{"line":108,"column":2}},"line":101},"14":{"name":"(anonymous_14)","decl":{"start":{"line":108,"column":10},"end":{"line":108,"column":11}},"loc":{"start":{"line":108,"column":19},"end":{"line":110,"column":2}},"line":108},"15":{"name":"(anonymous_15)","decl":{"start":{"line":113,"column":27},"end":{"line":113,"column":28}},"loc":{"start":{"line":113,"column":51},"end":{"line":141,"column":1}},"line":113},"16":{"name":"(anonymous_16)","decl":{"start":{"line":114,"column":39},"end":{"line":114,"column":40}},"loc":{"start":{"line":114,"column":54},"end":{"line":140,"column":2}},"line":114},"17":{"name":"(anonymous_17)","decl":{"start":{"line":118,"column":34},"end":{"line":118,"column":35}},"loc":{"start":{"line":118,"column":53},"end":{"line":136,"column":7}},"line":118},"18":{"name":"(anonymous_18)","decl":{"start":{"line":143,"column":21},"end":{"line":143,"column":22}},"loc":{"start":{"line":143,"column":56},"end":{"line":150,"column":1}},"line":143},"19":{"name":"(anonymous_19)","decl":{"start":{"line":147,"column":66},"end":{"line":147,"column":67}},"loc":{"start":{"line":147,"column":77},"end":{"line":149,"column":2}},"line":147},"20":{"name":"(anonymous_20)","decl":{"start":{"line":152,"column":22},"end":{"line":152,"column":23}},"loc":{"start":{"line":152,"column":28},"end":{"line":155,"column":1}},"line":152},"21":{"name":"(anonymous_21)","decl":{"start":{"line":157,"column":37},"end":{"line":157,"column":38}},"loc":{"start":{"line":157,"column":43},"end":{"line":162,"column":1}},"line":157},"22":{"name":"(anonymous_22)","decl":{"start":{"line":159,"column":36},"end":{"line":159,"column":37}},"loc":{"start":{"line":159,"column":52},"end":{"line":161,"column":2}},"line":159},"23":{"name":"(anonymous_23)","decl":{"start":{"line":171,"column":25},"end":{"line":171,"column":26}},"loc":{"start":{"line":171,"column":113},"end":{"line":177,"column":1}},"line":171},"24":{"name":"(anonymous_24)","decl":{"start":{"line":179,"column":22},"end":{"line":179,"column":23}},"loc":{"start":{"line":179,"column":36},"end":{"line":184,"column":1}},"line":179},"25":{"name":"(anonymous_25)","decl":{"start":{"line":181,"column":25},"end":{"line":181,"column":26}},"loc":{"start":{"line":181,"column":40},"end":{"line":183,"column":2}},"line":181},"26":{"name":"(anonymous_26)","decl":{"start":{"line":186,"column":24},"end":{"line":186,"column":25}},"loc":{"start":{"line":186,"column":38},"end":{"line":191,"column":1}},"line":186},"27":{"name":"(anonymous_27)","decl":{"start":{"line":188,"column":25},"end":{"line":188,"column":26}},"loc":{"start":{"line":188,"column":42},"end":{"line":190,"column":2}},"line":188}},"branchMap":{"0":{"loc":{"start":{"line":21,"column":1},"end":{"line":25,"column":2}},"type":"if","locations":[{"start":{"line":21,"column":1},"end":{"line":25,"column":2}},{"start":{"line":21,"column":1},"end":{"line":25,"column":2}}],"line":21},"1":{"loc":{"start":{"line":29,"column":2},"end":{"line":32,"column":3}},"type":"if","locations":[{"start":{"line":29,"column":2},"end":{"line":32,"column":3}},{"start":{"line":29,"column":2},"end":{"line":32,"column":3}}],"line":29},"2":{"loc":{"start":{"line":91,"column":1},"end":{"line":93,"column":2}},"type":"if","locations":[{"start":{"line":91,"column":1},"end":{"line":93,"column":2}},{"start":{"line":91,"column":1},"end":{"line":93,"column":2}}],"line":91},"3":{"loc":{"start":{"line":96,"column":1},"end":{"line":99,"column":2}},"type":"if","locations":[{"start":{"line":96,"column":1},"end":{"line":99,"column":2}},{"start":{"line":96,"column":1},"end":{"line":99,"column":2}}],"line":96},"4":{"loc":{"start":{"line":115,"column":5},"end":{"line":139,"column":6}},"type":"if","locations":[{"start":{"line":115,"column":5},"end":{"line":139,"column":6}},{"start":{"line":115,"column":5},"end":{"line":139,"column":6}}],"line":115},"5":{"loc":{"start":{"line":119,"column":8},"end":{"line":123,"column":9}},"type":"if","locations":[{"start":{"line":119,"column":8},"end":{"line":123,"column":9}},{"start":{"line":119,"column":8},"end":{"line":123,"column":9}}],"line":119},"6":{"loc":{"start":{"line":144,"column":1},"end":{"line":146,"column":2}},"type":"if","locations":[{"start":{"line":144,"column":1},"end":{"line":146,"column":2}},{"start":{"line":144,"column":1},"end":{"line":146,"column":2}}],"line":144},"7":{"loc":{"start":{"line":171,"column":74},"end":{"line":171,"column":89}},"type":"default-arg","locations":[{"start":{"line":171,"column":84},"end":{"line":171,"column":89}}],"line":171},"8":{"loc":{"start":{"line":182,"column":10},"end":{"line":182,"column":24}},"type":"binary-expr","locations":[{"start":{"line":182,"column":10},"end":{"line":182,"column":19}},{"start":{"line":182,"column":23},"end":{"line":182,"column":24}}],"line":182},"9":{"loc":{"start":{"line":189,"column":10},"end":{"line":189,"column":26}},"type":"binary-expr","locations":[{"start":{"line":189,"column":10},"end":{"line":189,"column":21}},{"start":{"line":189,"column":25},"end":{"line":189,"column":26}}],"line":189}},"s":{"0":1,"1":1,"2":1,"3":0,"4":1,"5":0,"6":0,"7":0,"8":0,"9":0,"10":0,"11":0,"12":0,"13":0,"14":1,"15":0,"16":1,"17":0,"18":1,"19":0,"20":1,"21":0,"22":1,"23":0,"24":1,"25":0,"26":0,"27":0,"28":1,"29":0,"30":1,"31":0,"32":0,"33":0,"34":1,"35":0,"36":0,"37":1,"38":0,"39":1,"40":0,"41":0,"42":0,"43":0,"44":0,"45":0,"46":0,"47":0,"48":0,"49":0,"50":0,"51":0,"52":1,"53":0,"54":0,"55":0,"56":0,"57":0,"58":0,"59":0,"60":0,"61":0,"62":0,"63":0,"64":0,"65":1,"66":0,"67":0,"68":0,"69":0,"70":1,"71":0,"72":0,"73":1,"74":0,"75":0,"76":0,"77":1,"78":0,"79":0,"80":1,"81":0,"82":0,"83":0,"84":1,"85":0,"86":0,"87":0},"f":{"0":0,"1":0,"2":0,"3":0,"4":0,"5":0,"6":0,"7":0,"8":0,"9":0,"10":0,"11":0,"12":0,"13":0,"14":0,"15":0,"16":0,"17":0,"18":0,"19":0,"20":0,"21":0,"22":0,"23":0,"24":0,"25":0,"26":0,"27":0},"b":{"0":[0,0],"1":[0,0],"2":[0,0],"3":[0,0],"4":[0,0],"5":[0,0],"6":[0,0],"7":[0],"8":[0,0],"9":[0,0]},"_coverageSchema":"332fd63041d2c1bcb487cc26dd0d5f7d97098a6c","hash":"192b621ac07c9d4049bb6576318330fa6acb0243"}
,"/Users/flaviomedrano/Desktop/KnowItAll/KnowItAll/src/reducers/entities-reducer.js": {"path":"/Users/flaviomedrano/Desktop/KnowItAll/KnowItAll/src/reducers/entities-reducer.js","statementMap":{"0":{"start":{"line":1,"column":21},"end":{"line":1,"column":46}},"1":{"start":{"line":3,"column":35},"end":{"line":8,"column":1}},"2":{"start":{"line":4,"column":1},"end":{"line":7,"column":2}},"3":{"start":{"line":11,"column":1},"end":{"line":16,"column":2}},"4":{"start":{"line":13,"column":3},"end":{"line":13,"column":24}},"5":{"start":{"line":15,"column":3},"end":{"line":15,"column":15}}},"fnMap":{"0":{"name":"(anonymous_0)","decl":{"start":{"line":3,"column":35},"end":{"line":3,"column":36}},"loc":{"start":{"line":3,"column":49},"end":{"line":8,"column":1}},"line":3},"1":{"name":"(anonymous_1)","decl":{"start":{"line":10,"column":15},"end":{"line":10,"column":16}},"loc":{"start":{"line":10,"column":44},"end":{"line":17,"column":1}},"line":10}},"branchMap":{"0":{"loc":{"start":{"line":10,"column":24},"end":{"line":10,"column":34}},"type":"default-arg","locations":[{"start":{"line":10,"column":32},"end":{"line":10,"column":34}}],"line":10},"1":{"loc":{"start":{"line":11,"column":1},"end":{"line":16,"column":2}},"type":"switch","locations":[{"start":{"line":12,"column":2},"end":{"line":13,"column":24}},{"start":{"line":14,"column":2},"end":{"line":15,"column":15}}],"line":11}},"s":{"0":1,"1":1,"2":0,"3":2,"4":0,"5":2},"f":{"0":0,"1":2},"b":{"0":[2],"1":[0,2]},"_coverageSchema":"332fd63041d2c1bcb487cc26dd0d5f7d97098a6c","hash":"19ba647e2720fb7226627998bfac8924c37bddd0"}
,"/Users/flaviomedrano/Desktop/KnowItAll/KnowItAll/src/reducers/entity-reducer.js": {"path":"/Users/flaviomedrano/Desktop/KnowItAll/KnowItAll/src/reducers/entity-reducer.js","statementMap":{"0":{"start":{"line":1,"column":19},"end":{"line":1,"column":42}},"1":{"start":{"line":3,"column":33},"end":{"line":8,"column":1}},"2":{"start":{"line":4,"column":1},"end":{"line":7,"column":2}},"3":{"start":{"line":11,"column":1},"end":{"line":16,"column":2}},"4":{"start":{"line":13,"column":3},"end":{"line":13,"column":24}},"5":{"start":{"line":15,"column":3},"end":{"line":15,"column":15}}},"fnMap":{"0":{"name":"(anonymous_0)","decl":{"start":{"line":3,"column":33},"end":{"line":3,"column":34}},"loc":{"start":{"line":3,"column":47},"end":{"line":8,"column":1}},"line":3},"1":{"name":"(anonymous_1)","decl":{"start":{"line":10,"column":15},"end":{"line":10,"column":16}},"loc":{"start":{"line":10,"column":44},"end":{"line":17,"column":1}},"line":10}},"branchMap":{"0":{"loc":{"start":{"line":10,"column":24},"end":{"line":10,"column":34}},"type":"default-arg","locations":[{"start":{"line":10,"column":32},"end":{"line":10,"column":34}}],"line":10},"1":{"loc":{"start":{"line":11,"column":1},"end":{"line":16,"column":2}},"type":"switch","locations":[{"start":{"line":12,"column":2},"end":{"line":13,"column":24}},{"start":{"line":14,"column":2},"end":{"line":15,"column":15}}],"line":11}},"s":{"0":1,"1":1,"2":0,"3":2,"4":0,"5":2},"f":{"0":0,"1":2},"b":{"0":[2],"1":[0,2]},"_coverageSchema":"332fd63041d2c1bcb487cc26dd0d5f7d97098a6c","hash":"263d5cb3c9d14401113dd824320f15636a3b408d"}
,"/Users/flaviomedrano/Desktop/KnowItAll/KnowItAll/src/reducers/index.js": {"path":"/Users/flaviomedrano/Desktop/KnowItAll/KnowItAll/src/reducers/index.js","statementMap":{"0":{"start":{"line":6,"column":20},"end":{"line":10,"column":2}}},"fnMap":{},"branchMap":{},"s":{"0":1},"f":{},"b":{},"_coverageSchema":"332fd63041d2c1bcb487cc26dd0d5f7d97098a6c","hash":"13cb4726bfcab3dfa8850639823845bc757013e4"}
,"/Users/flaviomedrano/Desktop/KnowItAll/KnowItAll/src/reducers/login-reducer.js": {"path":"/Users/flaviomedrano/Desktop/KnowItAll/KnowItAll/src/reducers/login-reducer.js","statementMap":{"0":{"start":{"line":1,"column":22},"end":{"line":1,"column":36}},"1":{"start":{"line":2,"column":25},"end":{"line":2,"column":42}},"2":{"start":{"line":4,"column":36},"end":{"line":9,"column":1}},"3":{"start":{"line":5,"column":1},"end":{"line":8,"column":2}},"4":{"start":{"line":12,"column":1},"end":{"line":17,"column":2}},"5":{"start":{"line":14,"column":3},"end":{"line":14,"column":24}},"6":{"start":{"line":16,"column":3},"end":{"line":16,"column":15}}},"fnMap":{"0":{"name":"(anonymous_0)","decl":{"start":{"line":4,"column":36},"end":{"line":4,"column":37}},"loc":{"start":{"line":4,"column":46},"end":{"line":9,"column":1}},"line":4},"1":{"name":"(anonymous_1)","decl":{"start":{"line":11,"column":15},"end":{"line":11,"column":16}},"loc":{"start":{"line":11,"column":44},"end":{"line":18,"column":1}},"line":11}},"branchMap":{"0":{"loc":{"start":{"line":11,"column":24},"end":{"line":11,"column":34}},"type":"default-arg","locations":[{"start":{"line":11,"column":32},"end":{"line":11,"column":34}}],"line":11},"1":{"loc":{"start":{"line":12,"column":1},"end":{"line":17,"column":2}},"type":"switch","locations":[{"start":{"line":13,"column":2},"end":{"line":14,"column":24}},{"start":{"line":15,"column":2},"end":{"line":16,"column":15}}],"line":12}},"s":{"0":3,"1":3,"2":3,"3":1,"4":4,"5":1,"6":3},"f":{"0":1,"1":4},"b":{"0":[3],"1":[1,3]},"_coverageSchema":"332fd63041d2c1bcb487cc26dd0d5f7d97098a6c","hash":"f2e1c57e579173f182f95bef89fdc901f2c1e3bd"}
}
