TN:
SF:/Users/flaviomedrano/Desktop/KnowItAll/KnowItAll/test-setup.js
FNF:0
FNH:0
DA:5,3
LF:1
LH:1
BRF:0
BRH:0
end_of_record
TN:
SF:/Users/flaviomedrano/Desktop/KnowItAll/KnowItAll/src/components/navbar.js
FN:11,(anonymous_0)
FN:23,(anonymous_1)
FN:33,(anonymous_2)
FN:68,(anonymous_3)
FN:69,(anonymous_4)
FN:77,mapDispatchToProps
FN:81,mapStateToProps
FNF:7
FNH:0
FNDA:0,(anonymous_0)
FNDA:0,(anonymous_1)
FNDA:0,(anonymous_2)
FNDA:0,(anonymous_3)
FNDA:0,(anonymous_4)
FNDA:0,mapDispatchToProps
FNDA:0,mapStateToProps
DA:12,0
DA:14,0
DA:16,0
DA:18,0
DA:21,0
DA:24,0
DA:26,0
DA:27,0
DA:28,0
DA:29,0
DA:34,0
DA:68,0
DA:69,0
DA:78,0
DA:82,0
LF:15
LH:0
BRDA:16,0,0,0
BRDA:16,0,1,0
BRDA:26,1,0,0
BRDA:26,1,1,0
BRDA:45,2,0,0
BRDA:45,2,1,0
BRDA:46,3,0,0
BRDA:46,3,1,0
BRDA:53,4,0,0
BRDA:53,4,1,0
BRDA:53,5,0,0
BRDA:53,5,1,0
BRDA:59,6,0,0
BRDA:59,6,1,0
BRDA:59,7,0,0
BRDA:59,7,1,0
BRDA:59,7,2,0
BRF:17
BRH:0
end_of_record
TN:
SF:/Users/flaviomedrano/Desktop/KnowItAll/KnowItAll/src/containers/login-container.js
FN:9,(anonymous_0)
FN:14,(anonymous_1)
FN:18,(anonymous_2)
FN:22,(anonymous_3)
FN:30,(anonymous_4)
FN:32,(anonymous_5)
FN:35,(anonymous_6)
FN:36,(anonymous_7)
FN:48,mapDispatchToProps
FNF:9
FNH:3
FNDA:5,(anonymous_0)
FNDA:0,(anonymous_1)
FNDA:0,(anonymous_2)
FNDA:5,(anonymous_3)
FNDA:0,(anonymous_4)
FNDA:0,(anonymous_5)
FNDA:0,(anonymous_6)
FNDA:0,(anonymous_7)
FNDA:5,mapDispatchToProps
DA:10,5
DA:11,5
DA:15,0
DA:19,0
DA:23,5
DA:30,0
DA:32,0
DA:35,0
DA:36,0
DA:49,5
LF:10
LH:4
BRDA:38,0,0,0
BRDA:38,0,1,5
BRF:2
BRH:1
end_of_record
TN:
SF:/Users/flaviomedrano/Desktop/KnowItAll/KnowItAll/src/firebase/index.js
FN:14,(anonymous_0)
FN:18,(anonymous_1)
FN:39,(anonymous_2)
FN:43,(anonymous_3)
FN:47,(anonymous_4)
FN:51,(anonymous_5)
FN:55,(anonymous_6)
FN:59,(anonymous_7)
FN:67,(anonymous_8)
FN:71,(anonymous_9)
FN:79,(anonymous_10)
FN:86,(anonymous_11)
FN:90,(anonymous_12)
FN:101,(anonymous_13)
FN:108,(anonymous_14)
FN:113,(anonymous_15)
FN:114,(anonymous_16)
FN:118,(anonymous_17)
FN:143,(anonymous_18)
FN:147,(anonymous_19)
FN:152,(anonymous_20)
FN:157,(anonymous_21)
FN:159,(anonymous_22)
FN:171,(anonymous_23)
FN:179,(anonymous_24)
FN:181,(anonymous_25)
FN:186,(anonymous_26)
FN:188,(anonymous_27)
FNF:28
FNH:0
FNDA:0,(anonymous_0)
FNDA:0,(anonymous_1)
FNDA:0,(anonymous_2)
FNDA:0,(anonymous_3)
FNDA:0,(anonymous_4)
FNDA:0,(anonymous_5)
FNDA:0,(anonymous_6)
FNDA:0,(anonymous_7)
FNDA:0,(anonymous_8)
FNDA:0,(anonymous_9)
FNDA:0,(anonymous_10)
FNDA:0,(anonymous_11)
FNDA:0,(anonymous_12)
FNDA:0,(anonymous_13)
FNDA:0,(anonymous_14)
FNDA:0,(anonymous_15)
FNDA:0,(anonymous_16)
FNDA:0,(anonymous_17)
FNDA:0,(anonymous_18)
FNDA:0,(anonymous_19)
FNDA:0,(anonymous_20)
FNDA:0,(anonymous_21)
FNDA:0,(anonymous_22)
FNDA:0,(anonymous_23)
FNDA:0,(anonymous_24)
FNDA:0,(anonymous_25)
FNDA:0,(anonymous_26)
FNDA:0,(anonymous_27)
DA:3,1
DA:5,1
DA:14,1
DA:15,0
DA:18,1
DA:19,0
DA:21,0
DA:23,0
DA:24,0
DA:27,0
DA:29,0
DA:31,0
DA:35,0
DA:36,0
DA:39,1
DA:40,0
DA:43,1
DA:44,0
DA:47,1
DA:48,0
DA:51,1
DA:52,0
DA:55,1
DA:56,0
DA:59,1
DA:60,0
DA:63,0
DA:64,0
DA:67,1
DA:68,0
DA:71,1
DA:72,0
DA:75,0
DA:76,0
DA:79,1
DA:80,0
DA:83,0
DA:86,1
DA:87,0
DA:90,1
DA:91,0
DA:92,0
DA:94,0
DA:96,0
DA:97,0
DA:98,0
DA:101,0
DA:102,0
DA:103,0
DA:106,0
DA:107,0
DA:109,0
DA:113,1
DA:114,0
DA:115,0
DA:116,0
DA:118,0
DA:119,0
DA:120,0
DA:121,0
DA:122,0
DA:125,0
DA:126,0
DA:135,0
DA:138,0
DA:143,1
DA:144,0
DA:145,0
DA:147,0
DA:148,0
DA:152,1
DA:153,0
DA:154,0
DA:157,1
DA:158,0
DA:159,0
DA:160,0
DA:171,1
DA:172,0
DA:176,0
DA:179,1
DA:180,0
DA:181,0
DA:182,0
DA:186,1
DA:187,0
DA:188,0
DA:189,0
LF:88
LH:22
BRDA:21,0,0,0
BRDA:21,0,1,0
BRDA:29,1,0,0
BRDA:29,1,1,0
BRDA:91,2,0,0
BRDA:91,2,1,0
BRDA:96,3,0,0
BRDA:96,3,1,0
BRDA:115,4,0,0
BRDA:115,4,1,0
BRDA:119,5,0,0
BRDA:119,5,1,0
BRDA:144,6,0,0
BRDA:144,6,1,0
BRDA:171,7,0,0
BRDA:182,8,0,0
BRDA:182,8,1,0
BRDA:189,9,0,0
BRDA:189,9,1,0
BRF:19
BRH:0
end_of_record
TN:
SF:/Users/flaviomedrano/Desktop/KnowItAll/KnowItAll/src/reducers/entities-reducer.js
FN:3,(anonymous_0)
FN:10,(anonymous_1)
FNF:2
FNH:1
FNDA:0,(anonymous_0)
FNDA:2,(anonymous_1)
DA:1,1
DA:3,1
DA:4,0
DA:11,2
DA:13,0
DA:15,2
LF:6
LH:4
BRDA:10,0,0,2
BRDA:11,1,0,0
BRDA:11,1,1,2
BRF:3
BRH:2
end_of_record
TN:
SF:/Users/flaviomedrano/Desktop/KnowItAll/KnowItAll/src/reducers/entity-reducer.js
FN:3,(anonymous_0)
FN:10,(anonymous_1)
FNF:2
FNH:1
FNDA:0,(anonymous_0)
FNDA:2,(anonymous_1)
DA:1,1
DA:3,1
DA:4,0
DA:11,2
DA:13,0
DA:15,2
LF:6
LH:4
BRDA:10,0,0,2
BRDA:11,1,0,0
BRDA:11,1,1,2
BRF:3
BRH:2
end_of_record
TN:
SF:/Users/flaviomedrano/Desktop/KnowItAll/KnowItAll/src/reducers/index.js
FNF:0
FNH:0
DA:6,1
LF:1
LH:1
BRF:0
BRH:0
end_of_record
TN:
SF:/Users/flaviomedrano/Desktop/KnowItAll/KnowItAll/src/reducers/login-reducer.js
FN:4,(anonymous_0)
FN:11,(anonymous_1)
FNF:2
FNH:2
FNDA:1,(anonymous_0)
FNDA:4,(anonymous_1)
DA:1,3
DA:2,3
DA:4,3
DA:5,1
DA:12,4
DA:14,1
DA:16,3
LF:7
LH:7
BRDA:11,0,0,3
BRDA:12,1,0,1
BRDA:12,1,1,3
BRF:3
BRH:3
end_of_record
