TN:
SF:/Users/EthanChang/nodeprojects/KevinRohan/test-setup.js
FNF:0
FNH:0
DA:8,4
DA:17,4
LF:2
LH:2
BRF:0
BRH:0
end_of_record
TN:
SF:/Users/EthanChang/nodeprojects/KevinRohan/src/components/entity-components/entity-poll.js
FN:7,(anonymous_0)
FN:11,(anonymous_1)
FNF:2
FNH:2
FNDA:1,(anonymous_0)
FNDA:1,(anonymous_1)
DA:8,1
DA:12,1
DA:13,1
DA:14,1
LF:4
LH:4
BRDA:12,0,0,1
BRDA:12,0,1,0
BRDA:13,1,0,0
BRDA:13,1,1,1
BRF:4
BRH:2
end_of_record
TN:
SF:/Users/EthanChang/nodeprojects/KevinRohan/src/containers/login-container.js
FN:9,(anonymous_0)
FN:14,(anonymous_1)
FN:18,(anonymous_2)
FN:23,(anonymous_3)
FN:31,(anonymous_4)
FN:33,(anonymous_5)
FN:36,(anonymous_6)
FN:37,(anonymous_7)
FN:49,mapDispatchToProps
FNF:9
FNH:5
FNDA:2,(anonymous_0)
FNDA:0,(anonymous_1)
FNDA:0,(anonymous_2)
FNDA:3,(anonymous_3)
FNDA:0,(anonymous_4)
FNDA:1,(anonymous_5)
FNDA:0,(anonymous_6)
FNDA:1,(anonymous_7)
FNDA:2,mapDispatchToProps
DA:10,2
DA:11,2
DA:15,0
DA:19,0
DA:24,3
DA:31,0
DA:33,1
DA:36,0
DA:37,1
DA:50,2
LF:10
LH:6
BRDA:39,0,0,0
BRDA:39,0,1,3
BRF:2
BRH:1
end_of_record
TN:
SF:/Users/EthanChang/nodeprojects/KevinRohan/src/firebase/index.js
FN:14,(anonymous_0)
FN:18,(anonymous_1)
FN:39,(anonymous_2)
FN:43,(anonymous_3)
FN:47,(anonymous_4)
FN:51,(anonymous_5)
FN:55,(anonymous_6)
FN:59,(anonymous_7)
FN:67,(anonymous_8)
FN:71,(anonymous_9)
FN:79,(anonymous_10)
FN:86,(anonymous_11)
FN:90,(anonymous_12)
FN:101,(anonymous_13)
FN:109,(anonymous_14)
FN:115,(anonymous_15)
FN:116,(anonymous_16)
FN:120,(anonymous_17)
FN:146,(anonymous_18)
FN:150,(anonymous_19)
FN:152,(anonymous_20)
FN:157,(anonymous_21)
FN:162,(anonymous_22)
FN:164,(anonymous_23)
FN:176,(anonymous_24)
FN:184,(anonymous_25)
FN:186,(anonymous_26)
FN:191,(anonymous_27)
FN:193,(anonymous_28)
FN:198,(anonymous_29)
FN:205,progress
FN:207,error
FN:211,complete
FN:213,(anonymous_33)
FN:218,(anonymous_34)
FNF:35
FNH:1
FNDA:0,(anonymous_0)
FNDA:0,(anonymous_1)
FNDA:0,(anonymous_2)
FNDA:0,(anonymous_3)
FNDA:0,(anonymous_4)
FNDA:0,(anonymous_5)
FNDA:0,(anonymous_6)
FNDA:0,(anonymous_7)
FNDA:0,(anonymous_8)
FNDA:0,(anonymous_9)
FNDA:0,(anonymous_10)
FNDA:0,(anonymous_11)
FNDA:0,(anonymous_12)
FNDA:0,(anonymous_13)
FNDA:0,(anonymous_14)
FNDA:0,(anonymous_15)
FNDA:0,(anonymous_16)
FNDA:0,(anonymous_17)
FNDA:1,(anonymous_18)
FNDA:0,(anonymous_19)
FNDA:0,(anonymous_20)
FNDA:0,(anonymous_21)
FNDA:0,(anonymous_22)
FNDA:0,(anonymous_23)
FNDA:0,(anonymous_24)
FNDA:0,(anonymous_25)
FNDA:0,(anonymous_26)
FNDA:0,(anonymous_27)
FNDA:0,(anonymous_28)
FNDA:0,(anonymous_29)
FNDA:0,progress
FNDA:0,error
FNDA:0,complete
FNDA:0,(anonymous_33)
FNDA:0,(anonymous_34)
DA:3,1
DA:5,1
DA:14,1
DA:15,0
DA:18,1
DA:19,0
DA:21,0
DA:23,0
DA:24,0
DA:27,0
DA:29,0
DA:31,0
DA:35,0
DA:36,0
DA:39,1
DA:40,0
DA:43,1
DA:44,0
DA:47,1
DA:48,0
DA:51,1
DA:52,0
DA:55,1
DA:56,0
DA:59,1
DA:60,0
DA:63,0
DA:64,0
DA:67,1
DA:68,0
DA:71,1
DA:72,0
DA:75,0
DA:76,0
DA:79,1
DA:80,0
DA:83,0
DA:86,1
DA:87,0
DA:90,1
DA:91,0
DA:92,0
DA:94,0
DA:96,0
DA:97,0
DA:98,0
DA:101,0
DA:102,0
DA:103,0
DA:107,0
DA:108,0
DA:110,0
DA:111,0
DA:115,1
DA:116,0
DA:117,0
DA:118,0
DA:120,0
DA:121,0
DA:122,0
DA:123,0
DA:124,0
DA:127,0
DA:128,0
DA:137,0
DA:140,0
DA:146,1
DA:147,1
DA:148,0
DA:150,0
DA:151,0
DA:153,0
DA:157,1
DA:158,0
DA:159,0
DA:162,1
DA:163,0
DA:164,0
DA:165,0
DA:176,1
DA:177,0
DA:181,0
DA:184,1
DA:185,0
DA:186,0
DA:187,0
DA:191,1
DA:192,0
DA:193,0
DA:194,0
DA:198,1
DA:199,0
DA:201,0
DA:202,0
DA:204,0
DA:208,0
DA:212,0
DA:213,0
DA:214,0
DA:215,0
DA:216,0
DA:219,0
LF:102
LH:24
BRDA:21,0,0,0
BRDA:21,0,1,0
BRDA:29,1,0,0
BRDA:29,1,1,0
BRDA:91,2,0,0
BRDA:91,2,1,0
BRDA:96,3,0,0
BRDA:96,3,1,0
BRDA:117,4,0,0
BRDA:117,4,1,0
BRDA:121,5,0,0
BRDA:121,5,1,0
BRDA:147,6,0,0
BRDA:147,6,1,0
BRDA:176,7,0,0
BRDA:187,8,0,0
BRDA:187,8,1,0
BRDA:194,9,0,0
BRDA:194,9,1,0
BRF:19
BRH:0
end_of_record
TN:
SF:/Users/EthanChang/nodeprojects/KevinRohan/src/reducers/login-reducer.js
FN:4,(anonymous_0)
FN:11,(anonymous_1)
FNF:2
FNH:2
FNDA:1,(anonymous_0)
FNDA:2,(anonymous_1)
DA:1,3
DA:2,3
DA:4,3
DA:5,1
DA:12,2
DA:14,1
DA:16,1
LF:7
LH:7
BRDA:11,0,0,1
BRDA:12,1,0,1
BRDA:12,1,1,1
BRF:3
BRH:3
end_of_record
